# JRE version: OpenJDK Runtime Environment (21.0.5) (build 21.0.5+-12771278-b631.28)
# Java VM: OpenJDK 64-Bit Server VM (21.0.5+-12771278-b631.28, mixed mode, tiered, compressed oops, compressed class ptrs, g1 gc, windows-amd64)
GC Precious Log:
 CardTable entry size: 512
 Card Set container configuration: InlinePtr #cards 5 size 8 Array Of Cards #cards 12 size 40 Howl #buckets 4 coarsen threshold 1843 Howl Bitmap #cards 512 size 80 coarsen threshold 460 Card regions per heap region 1 cards per card region 2048
 CPUs: 12 total, 12 available
 Memory: 7573M
 Large Page Support: Disabled
 NUMA Support: Disabled
 Compressed Oops: Enabled (32-bit)
 Heap Region Size: 1M
 Heap Min Capacity: 8M
 Heap Initial Capacity: 120M
 Heap Max Capacity: 2G
 Pre-touch: Disabled
 Parallel Workers: 10
 Concurrent Workers: 3
 Concurrent Refinement Workers: 10
 Periodic GC: Disabled
Heap:
 garbage-first heap   total 263168K, used 144081K [0x0000000080000000, 0x0000000100000000)
  region size 1024K, 4 young (4096K), 4 survivors (4096K)
 Metaspace       used 157208K, committed 159680K, reserved 1245184K
  class space    used 21371K, committed 22592K, reserved 1048576K
GC Heap History (20 events):
Event: 11.699 GC heap after
{Heap after GC invocations=46 (full 0):
 garbage-first heap   total 230400K, used 139125K [0x0000000080000000, 0x0000000100000000)
  region size 1024K, 9 young (9216K), 9 survivors (9216K)
 Metaspace       used 120597K, committed 122944K, reserved 1179648K
  class space    used 16249K, committed 17408K, reserved 1048576K
}
Event: 12.502 GC heap before
{Heap before GC invocations=47 (full 0):
 garbage-first heap   total 234496K, used 201589K [0x0000000080000000, 0x0000000100000000)
  region size 1024K, 71 young (72704K), 9 survivors (9216K)
 Metaspace       used 121223K, committed 123520K, reserved 1179648K
  class space    used 16325K, committed 17472K, reserved 1048576K
}
Event: 12.508 GC heap after
{Heap after GC invocations=48 (full 0):
 garbage-first heap   total 234496K, used 143627K [0x0000000080000000, 0x0000000100000000)
  region size 1024K, 9 young (9216K), 9 survivors (9216K)
 Metaspace       used 121223K, committed 123520K, reserved 1179648K
  class space    used 16325K, committed 17472K, reserved 1048576K
}
Event: 14.149 GC heap before
{Heap before GC invocations=48 (full 0):
 garbage-first heap   total 234496K, used 208139K [0x0000000080000000, 0x0000000100000000)
  region size 1024K, 73 young (74752K), 9 survivors (9216K)
 Metaspace       used 122901K, committed 125120K, reserved 1179648K
  class space    used 16497K, committed 17600K, reserved 1048576K
}
Event: 14.155 GC heap after
{Heap after GC invocations=49 (full 0):
 garbage-first heap   total 234496K, used 145645K [0x0000000080000000, 0x0000000100000000)
  region size 1024K, 6 young (6144K), 6 survivors (6144K)
 Metaspace       used 122901K, committed 125120K, reserved 1179648K
  class space    used 16497K, committed 17600K, reserved 1048576K
}
Event: 14.166 GC heap before
{Heap before GC invocations=49 (full 0):
 garbage-first heap   total 234496K, used 146669K [0x0000000080000000, 0x0000000100000000)
  region size 1024K, 8 young (8192K), 6 survivors (6144K)
 Metaspace       used 123091K, committed 125312K, reserved 1179648K
  class space    used 16511K, committed 17600K, reserved 1048576K
}
Event: 14.171 GC heap after
{Heap after GC invocations=50 (full 0):
 garbage-first heap   total 234496K, used 146894K [0x0000000080000000, 0x0000000100000000)
  region size 1024K, 2 young (2048K), 2 survivors (2048K)
 Metaspace       used 123091K, committed 125312K, reserved 1179648K
  class space    used 16511K, committed 17600K, reserved 1048576K
}
Event: 14.478 GC heap before
{Heap before GC invocations=51 (full 0):
 garbage-first heap   total 234496K, used 205262K [0x0000000080000000, 0x0000000100000000)
  region size 1024K, 67 young (68608K), 2 survivors (2048K)
 Metaspace       used 126218K, committed 128512K, reserved 1179648K
  class space    used 16777K, committed 17920K, reserved 1048576K
}
Event: 14.480 GC heap after
{Heap after GC invocations=52 (full 0):
 garbage-first heap   total 234496K, used 139146K [0x0000000080000000, 0x0000000100000000)
  region size 1024K, 3 young (3072K), 3 survivors (3072K)
 Metaspace       used 126218K, committed 128512K, reserved 1179648K
  class space    used 16777K, committed 17920K, reserved 1048576K
}
Event: 16.117 GC heap before
{Heap before GC invocations=52 (full 0):
 garbage-first heap   total 234496K, used 216970K [0x0000000080000000, 0x0000000100000000)
  region size 1024K, 78 young (79872K), 3 survivors (3072K)
 Metaspace       used 133190K, committed 135552K, reserved 1179648K
  class space    used 17761K, committed 18944K, reserved 1048576K
}
Event: 16.126 GC heap after
{Heap after GC invocations=53 (full 0):
 garbage-first heap   total 234496K, used 136725K [0x0000000080000000, 0x0000000100000000)
  region size 1024K, 9 young (9216K), 9 survivors (9216K)
 Metaspace       used 133190K, committed 135552K, reserved 1179648K
  class space    used 17761K, committed 18944K, reserved 1048576K
}
Event: 16.678 GC heap before
{Heap before GC invocations=53 (full 0):
 garbage-first heap   total 234496K, used 210453K [0x0000000080000000, 0x0000000100000000)
  region size 1024K, 82 young (83968K), 9 survivors (9216K)
 Metaspace       used 141423K, committed 143872K, reserved 1179648K
  class space    used 19167K, committed 20352K, reserved 1048576K
}
Event: 16.690 GC heap after
{Heap after GC invocations=54 (full 0):
 garbage-first heap   total 234496K, used 143751K [0x0000000080000000, 0x0000000100000000)
  region size 1024K, 11 young (11264K), 11 survivors (11264K)
 Metaspace       used 141423K, committed 143872K, reserved 1179648K
  class space    used 19167K, committed 20352K, reserved 1048576K
}
Event: 16.904 GC heap before
{Heap before GC invocations=55 (full 0):
 garbage-first heap   total 240640K, used 208263K [0x0000000080000000, 0x0000000100000000)
  region size 1024K, 75 young (76800K), 11 survivors (11264K)
 Metaspace       used 146053K, committed 148608K, reserved 1179648K
  class space    used 19914K, committed 21184K, reserved 1048576K
}
Event: 16.913 GC heap after
{Heap after GC invocations=56 (full 0):
 garbage-first heap   total 240640K, used 146133K [0x0000000080000000, 0x0000000100000000)
  region size 1024K, 3 young (3072K), 3 survivors (3072K)
 Metaspace       used 146053K, committed 148608K, reserved 1179648K
  class space    used 19914K, committed 21184K, reserved 1048576K
}
Event: 17.387 GC heap before
{Heap before GC invocations=56 (full 0):
 garbage-first heap   total 240640K, used 221909K [0x0000000080000000, 0x0000000100000000)
  region size 1024K, 76 young (77824K), 3 survivors (3072K)
 Metaspace       used 150757K, committed 153280K, reserved 1245184K
  class space    used 20738K, committed 22016K, reserved 1048576K
}
Event: 17.391 GC heap after
{Heap after GC invocations=57 (full 0):
 garbage-first heap   total 240640K, used 143696K [0x0000000080000000, 0x0000000100000000)
  region size 1024K, 3 young (3072K), 3 survivors (3072K)
 Metaspace       used 150757K, committed 153280K, reserved 1245184K
  class space    used 20738K, committed 22016K, reserved 1048576K
}
Event: 17.421 GC heap before
{Heap before GC invocations=57 (full 0):
 garbage-first heap   total 240640K, used 146768K [0x0000000080000000, 0x0000000100000000)
  region size 1024K, 8 young (8192K), 3 survivors (3072K)
 Metaspace       used 151026K, committed 153536K, reserved 1245184K
  class space    used 20784K, committed 22016K, reserved 1048576K
}
Event: 17.424 GC heap after
{Heap after GC invocations=58 (full 0):
 garbage-first heap   total 240640K, used 143685K [0x0000000080000000, 0x0000000100000000)
  region size 1024K, 3 young (3072K), 3 survivors (3072K)
 Metaspace       used 151026K, committed 153536K, reserved 1245184K
  class space    used 20784K, committed 22016K, reserved 1048576K
}
Event: 128.272 GC heap before
{Heap before GC invocations=59 (full 0):
 garbage-first heap   total 263168K, used 234821K [0x0000000080000000, 0x0000000100000000)
  region size 1024K, 80 young (81920K), 3 survivors (3072K)
 Metaspace       used 157208K, committed 159680K, reserved 1245184K
  class space    used 21371K, committed 22592K, reserved 1048576K
}

